<?xml version="1.0" encoding="UTF-8"?>
<!-- Generated by org.testng.reporters.JUnitReportReporter -->
<testsuite hostname="DESKTOP-MKNCP1I" failures="0" tests="1" name="scenarios.e2e.general.ScreenShotUsingRobotClass" time="27.471" errors="0" timestamp="04 Apr 2019 12:36:17 GMT" skipped="0">
  <testcase classname="scenarios.e2e.general.ScreenShotUsingRobotClass" name="f" time="27.471"/>
</testsuite> <!-- scenarios.e2e.general.ScreenShotUsingRobotClass -->
