<?xml version="1.0" encoding="UTF-8"?>
<!-- Generated by org.testng.reporters.JUnitReportReporter -->
<testsuite hostname="DESKTOP-MKNCP1I" failures="0" tests="1" name="scenarios.srinidhi.assignment.twenty.BluestoneGoldCoin20gm_one" time="46.348" errors="0" timestamp="08 Apr 2019 10:18:52 GMT" skipped="0">
  <testcase classname="scenarios.srinidhi.assignment.twenty.BluestoneGoldCoin20gm_one" name="f" time="46.348"/>
</testsuite> <!-- scenarios.srinidhi.assignment.twenty.BluestoneGoldCoin20gm_one -->
