<?xml version="1.0" encoding="UTF-8"?>
<!-- Generated by org.testng.reporters.JUnitReportReporter -->
<testsuite hostname="DESKTOP-MKNCP1I" failures="0" tests="1" name="scenarios.e2e.general.GmailtwoTestMail" time="54.026" errors="0" timestamp="21 Apr 2019 17:16:12 GMT" skipped="0">
  <testcase classname="scenarios.e2e.general.GmailtwoTestMail" name="f" time="54.026"/>
</testsuite> <!-- scenarios.e2e.general.GmailtwoTestMail -->
