<?xml version="1.0" encoding="UTF-8"?>
<!-- Generated by org.testng.reporters.JUnitReportReporter -->
<testsuite hostname="DESKTOP-MKNCP1I" failures="0" tests="1" name="scenarios.srinidhi.assignment.twenty.BluestonecountPlatinum_eight" time="166.704" errors="0" timestamp="04 Apr 2019 11:41:04 GMT" skipped="0">
  <testcase classname="scenarios.srinidhi.assignment.twenty.BluestonecountPlatinum_eight" name="f" time="166.704"/>
</testsuite> <!-- scenarios.srinidhi.assignment.twenty.BluestonecountPlatinum_eight -->
